<?xml version="1.0" encoding="UTF-8"?>
<robot generator="Robot 7.4.2 (Python 3.14.3 on win32)" generated="2026-04-27T15:59:43.886074" rpa="false" schemaversion="5">
<suite id="s1" name="Dados-Incorreto" source="D:\Organo\robot\dados-incorreto.robot">
<test id="s1-t1" name="Verificar se quando um campo não for preenchido corretamente o sistema exibe uma mensagem de campo obrigatório" line="11">
<kw name="Dado que eu acesse o Organo" owner="setup-teardown" type="SETUP">
<kw name="Open Browser" owner="SeleniumLibrary">
<msg time="2026-04-27T15:59:44.535793" level="INFO">Opening browser 'Chrome' to base url 'http://localhost:3000/'.</msg>
<arg>url=http://localhost:3000/</arg>
<arg>browser=Chrome</arg>
<doc>Opens a new browser instance to the optional ``url``.</doc>
<status status="PASS" start="2026-04-27T15:59:44.535336" elapsed="27.908496"/>
</kw>
<status status="PASS" start="2026-04-27T15:59:44.533802" elapsed="27.910583"/>
</kw>
<kw name="Dado que eu clique no botão criar card">
<kw name="Click Element" owner="SeleniumLibrary">
<msg time="2026-04-27T16:00:12.447559" level="INFO">Clicking element 'id:form-botao'.</msg>
<arg>${CAMPO_CARD}</arg>
<doc>Click the element identified by ``locator``.</doc>
<status status="PASS" start="2026-04-27T16:00:12.446470" elapsed="0.197747"/>
</kw>
<status status="PASS" start="2026-04-27T16:00:12.445422" elapsed="0.199120"/>
</kw>
<kw name="Então o sistema deve apresentar uma mensagem de campo obrigatório">
<kw name="Element Should Be Visible" owner="SeleniumLibrary">
<msg time="2026-04-27T16:00:12.706594" level="INFO">Element 'id:form-nome-erro' is displayed.</msg>
<arg>id:form-nome-erro</arg>
<doc>Verifies that the element identified by ``locator`` is visible.</doc>
<status status="PASS" start="2026-04-27T16:00:12.645908" elapsed="0.060963"/>
</kw>
<kw name="Element Should Be Visible" owner="SeleniumLibrary">
<msg time="2026-04-27T16:00:12.754129" level="INFO">Element 'id:form-cargo-erro' is displayed.</msg>
<arg>id:form-cargo-erro</arg>
<doc>Verifies that the element identified by ``locator`` is visible.</doc>
<status status="PASS" start="2026-04-27T16:00:12.707360" elapsed="0.047005"/>
</kw>
<kw name="Element Should Be Visible" owner="SeleniumLibrary">
<msg time="2026-04-27T16:00:12.789624" level="INFO">Element 'id:form-times-erro' is displayed.</msg>
<arg>id:form-times-erro</arg>
<doc>Verifies that the element identified by ``locator`` is visible.</doc>
<status status="PASS" start="2026-04-27T16:00:12.754801" elapsed="0.035100"/>
</kw>
<status status="PASS" start="2026-04-27T16:00:12.645336" elapsed="0.144914"/>
</kw>
<kw name="Fechar o navegador" owner="setup-teardown" type="TEARDOWN">
<kw name="Close Browser" owner="SeleniumLibrary">
<doc>Closes the current browser.</doc>
<status status="PASS" start="2026-04-27T16:00:12.792056" elapsed="3.028050"/>
</kw>
<status status="PASS" start="2026-04-27T16:00:12.791242" elapsed="3.029088"/>
</kw>
<status status="PASS" start="2026-04-27T15:59:44.531887" elapsed="31.288863"/>
</test>
<status status="PASS" start="2026-04-27T15:59:43.890375" elapsed="31.932071"/>
</suite>
<statistics>
<total>
<stat pass="1" fail="0" skip="0">All Tests</stat>
</total>
<tag>
</tag>
<suite>
<stat name="Dados-Incorreto" id="s1" pass="1" fail="0" skip="0">Dados-Incorreto</stat>
</suite>
</statistics>
<errors>
</errors>
</robot>
