<?xml version="1.0" encoding="UTF-8"?>
<robot generator="Robot 7.4.2 (Python 3.14.3 on win32)" generated="2026-04-28T19:57:20.833728" rpa="false" schemaversion="5">
<suite id="s1" name="Dados-Correto" source="D:\Organo\robot\dados-correto.robot">
<test id="s1-t1" name="Verificar se ao preencher os campos do formulário corretamente os dados são inseridos na lista e se um novo card é criado no time esperado" line="23">
<kw name="Dado que eu acesse o Organo" owner="setup-teardown" type="SETUP">
<kw name="Open Browser" owner="SeleniumLibrary">
<msg time="2026-04-28T19:57:22.761809" level="INFO">Opening browser 'Chrome' to base url 'http://localhost:3000/'.</msg>
<arg>url=http://localhost:3000/</arg>
<arg>browser=Chrome</arg>
<doc>Opens a new browser instance to the optional ``url``.</doc>
<status status="PASS" start="2026-04-28T19:57:22.761022" elapsed="19.617885"/>
</kw>
<status status="PASS" start="2026-04-28T19:57:22.758066" elapsed="19.621365"/>
</kw>
<kw name="Dado que preencha os campos do formulário">
<kw name="Wait Until Element Is Visible" owner="SeleniumLibrary">
<arg>${CAMPO_NOME}</arg>
<arg>timeout=15s</arg>
<doc>Waits until the element ``locator`` is visible.</doc>
<status status="PASS" start="2026-04-28T19:57:42.384302" elapsed="0.104730"/>
</kw>
<kw name="First Name" owner="FakerLibrary">
<msg time="2026-04-28T19:57:42.490244" level="INFO">${Nome} = Yan</msg>
<var>${Nome}</var>
<status status="PASS" start="2026-04-28T19:57:42.489556" elapsed="0.000880"/>
</kw>
<kw name="Input Text" owner="SeleniumLibrary">
<msg time="2026-04-28T19:57:42.491696" level="INFO">Typing text 'Yan' into text field 'id:form-nome'.</msg>
<arg>${CAMPO_NOME}</arg>
<arg>${Nome}</arg>
<doc>Types the given ``text`` into the text field identified by ``locator``.</doc>
<status status="PASS" start="2026-04-28T19:57:42.490949" elapsed="0.295502"/>
</kw>
<kw name="Job" owner="FakerLibrary">
<msg time="2026-04-28T19:57:42.787821" level="INFO">${Cargo} = Geólogo</msg>
<var>${Cargo}</var>
<status status="PASS" start="2026-04-28T19:57:42.787077" elapsed="0.000900"/>
</kw>
<kw name="Input Text" owner="SeleniumLibrary">
<msg time="2026-04-28T19:57:42.789394" level="INFO">Typing text 'Geólogo' into text field 'id:form-cargo'.</msg>
<arg>${CAMPO_CARGO}</arg>
<arg>${Cargo}</arg>
<doc>Types the given ``text`` into the text field identified by ``locator``.</doc>
<status status="PASS" start="2026-04-28T19:57:42.788584" elapsed="0.306636"/>
</kw>
<kw name="Image Url" owner="FakerLibrary">
<msg time="2026-04-28T19:57:43.096466" level="INFO">${Imagem} = https://picsum.photos/318/1010</msg>
<var>${Imagem}</var>
<doc>Returns URL to placeholder image
Example: http://placehold.it/640x480</doc>
<status status="PASS" start="2026-04-28T19:57:43.095739" elapsed="0.000861"/>
</kw>
<kw name="Input Text" owner="SeleniumLibrary">
<msg time="2026-04-28T19:57:43.097816" level="INFO">Typing text 'https://picsum.photos/318/1010' into text field 'id:form-imagem'.</msg>
<arg>${CAMPO_IMAGEM}</arg>
<arg>${Imagem}</arg>
<doc>Types the given ``text`` into the text field identified by ``locator``.</doc>
<status status="PASS" start="2026-04-28T19:57:43.097127" elapsed="0.360351"/>
</kw>
<kw name="Click Element" owner="SeleniumLibrary">
<msg time="2026-04-28T19:57:43.458644" level="INFO">Clicking element 'class:lista-suspensa'.</msg>
<arg>${CAMPO_TIME}</arg>
<doc>Click the element identified by ``locator``.</doc>
<status status="PASS" start="2026-04-28T19:57:43.458004" elapsed="0.372562"/>
</kw>
<kw name="Click Element" owner="SeleniumLibrary">
<msg time="2026-04-28T19:57:43.832798" level="INFO">Clicking element '//option[contains(.,'Devops')]'.</msg>
<arg>${OPCAO_DEVOPS}</arg>
<doc>Click the element identified by ``locator``.</doc>
<status status="PASS" start="2026-04-28T19:57:43.831131" elapsed="0.128978"/>
</kw>
<status status="PASS" start="2026-04-28T19:57:42.383162" elapsed="1.577171"/>
</kw>
<kw name="E clique no botão criar card">
<kw name="Click Element" owner="SeleniumLibrary">
<msg time="2026-04-28T19:57:43.962342" level="INFO">Clicking element 'id:form-botao'.</msg>
<arg>${CAMPO_CARD}</arg>
<doc>Click the element identified by ``locator``.</doc>
<status status="PASS" start="2026-04-28T19:57:43.961766" elapsed="0.233169"/>
</kw>
<status status="PASS" start="2026-04-28T19:57:43.960966" elapsed="0.234286"/>
</kw>
<kw name="Então identificar o card dentro do time esperado">
<kw name="Element Should Be Visible" owner="SeleniumLibrary">
<msg time="2026-04-28T19:57:44.239948" level="INFO">Element 'class:colaborador' is displayed.</msg>
<arg>class:colaborador</arg>
<doc>Verifies that the element identified by ``locator`` is visible.</doc>
<status status="PASS" start="2026-04-28T19:57:44.197700" elapsed="0.042474"/>
</kw>
<kw name="Sleep" owner="BuiltIn">
<msg time="2026-04-28T19:57:59.241680" level="INFO">Slept 15 seconds.</msg>
<arg>15s</arg>
<doc>Pauses the test executed for the given time.</doc>
<status status="PASS" start="2026-04-28T19:57:44.240571" elapsed="15.001354"/>
</kw>
<status status="PASS" start="2026-04-28T19:57:44.196728" elapsed="15.045417"/>
</kw>
<kw name="Fechar o navegador" owner="setup-teardown" type="TEARDOWN">
<kw name="Close Browser" owner="SeleniumLibrary">
<doc>Closes the current browser.</doc>
<status status="PASS" start="2026-04-28T19:57:59.243728" elapsed="2.853777"/>
</kw>
<status status="PASS" start="2026-04-28T19:57:59.243132" elapsed="2.854718"/>
</kw>
<status status="PASS" start="2026-04-28T19:57:22.754086" elapsed="39.344225"/>
</test>
<test id="s1-t2" name="Verificar se é possível criar mais de um card se preenchermos os campos corretamente" line="28">
<kw name="Dado que eu acesse o Organo" owner="setup-teardown" type="SETUP">
<kw name="Open Browser" owner="SeleniumLibrary">
<msg time="2026-04-28T19:58:02.103282" level="INFO">Opening browser 'Chrome' to base url 'http://localhost:3000/'.</msg>
<arg>url=http://localhost:3000/</arg>
<arg>browser=Chrome</arg>
<doc>Opens a new browser instance to the optional ``url``.</doc>
<status status="PASS" start="2026-04-28T19:58:02.102662" elapsed="38.834118"/>
</kw>
<status status="PASS" start="2026-04-28T19:58:02.101769" elapsed="38.835397"/>
</kw>
<kw name="Dado que preencha os campos do formulário">
<kw name="Wait Until Element Is Visible" owner="SeleniumLibrary">
<arg>${CAMPO_NOME}</arg>
<arg>timeout=15s</arg>
<doc>Waits until the element ``locator`` is visible.</doc>
<status status="PASS" start="2026-04-28T19:58:40.941492" elapsed="0.087700"/>
</kw>
<kw name="First Name" owner="FakerLibrary">
<msg time="2026-04-28T19:58:41.030225" level="INFO">${Nome} = Juan</msg>
<var>${Nome}</var>
<status status="PASS" start="2026-04-28T19:58:41.029663" elapsed="0.000673"/>
</kw>
<kw name="Input Text" owner="SeleniumLibrary">
<msg time="2026-04-28T19:58:41.031570" level="INFO">Typing text 'Juan' into text field 'id:form-nome'.</msg>
<arg>${CAMPO_NOME}</arg>
<arg>${Nome}</arg>
<doc>Types the given ``text`` into the text field identified by ``locator``.</doc>
<status status="PASS" start="2026-04-28T19:58:41.030723" elapsed="0.286629"/>
</kw>
<kw name="Job" owner="FakerLibrary">
<msg time="2026-04-28T19:58:41.318084" level="INFO">${Cargo} = Tecnólogo em irrigação e drenagem</msg>
<var>${Cargo}</var>
<status status="PASS" start="2026-04-28T19:58:41.317672" elapsed="0.000509"/>
</kw>
<kw name="Input Text" owner="SeleniumLibrary">
<msg time="2026-04-28T19:58:41.318928" level="INFO">Typing text 'Tecnólogo em irrigação e drenagem' into text field 'id:form-cargo'.</msg>
<arg>${CAMPO_CARGO}</arg>
<arg>${Cargo}</arg>
<doc>Types the given ``text`` into the text field identified by ``locator``.</doc>
<status status="PASS" start="2026-04-28T19:58:41.318446" elapsed="0.492083"/>
</kw>
<kw name="Image Url" owner="FakerLibrary">
<msg time="2026-04-28T19:58:41.811943" level="INFO">${Imagem} = https://picsum.photos/50/846</msg>
<var>${Imagem}</var>
<doc>Returns URL to placeholder image
Example: http://placehold.it/640x480</doc>
<status status="PASS" start="2026-04-28T19:58:41.811279" elapsed="0.000805"/>
</kw>
<kw name="Input Text" owner="SeleniumLibrary">
<msg time="2026-04-28T19:58:41.813563" level="INFO">Typing text 'https://picsum.photos/50/846' into text field 'id:form-imagem'.</msg>
<arg>${CAMPO_IMAGEM}</arg>
<arg>${Imagem}</arg>
<doc>Types the given ``text`` into the text field identified by ``locator``.</doc>
<status status="PASS" start="2026-04-28T19:58:41.812633" elapsed="0.274795"/>
</kw>
<kw name="Click Element" owner="SeleniumLibrary">
<msg time="2026-04-28T19:58:42.088169" level="INFO">Clicking element 'class:lista-suspensa'.</msg>
<arg>${CAMPO_TIME}</arg>
<doc>Click the element identified by ``locator``.</doc>
<status status="PASS" start="2026-04-28T19:58:42.087772" elapsed="0.228956"/>
</kw>
<kw name="Click Element" owner="SeleniumLibrary">
<msg time="2026-04-28T19:58:42.319411" level="INFO">Clicking element '//option[contains(.,'Devops')]'.</msg>
<arg>${OPCAO_DEVOPS}</arg>
<doc>Click the element identified by ``locator``.</doc>
<status status="PASS" start="2026-04-28T19:58:42.317253" elapsed="0.097378"/>
</kw>
<status status="PASS" start="2026-04-28T19:58:40.940492" elapsed="1.474777"/>
</kw>
<kw name="E clique no botão criar card">
<kw name="Click Element" owner="SeleniumLibrary">
<msg time="2026-04-28T19:58:42.420611" level="INFO">Clicking element 'id:form-botao'.</msg>
<arg>${CAMPO_CARD}</arg>
<doc>Click the element identified by ``locator``.</doc>
<status status="PASS" start="2026-04-28T19:58:42.419894" elapsed="0.191065"/>
</kw>
<status status="PASS" start="2026-04-28T19:58:42.418886" elapsed="0.192404"/>
</kw>
<kw name="Então identificar 3 cards dentro do time esperado">
<for flavor="IN RANGE">
<iter>
<kw name="Dado que preencha os campos do formulário">
<kw name="Wait Until Element Is Visible" owner="SeleniumLibrary">
<arg>${CAMPO_NOME}</arg>
<arg>timeout=15s</arg>
<doc>Waits until the element ``locator`` is visible.</doc>
<status status="PASS" start="2026-04-28T19:58:42.615344" elapsed="0.042214"/>
</kw>
<kw name="First Name" owner="FakerLibrary">
<msg time="2026-04-28T19:58:42.658642" level="INFO">${Nome} = Ana Luiza</msg>
<var>${Nome}</var>
<status status="PASS" start="2026-04-28T19:58:42.658035" elapsed="0.000725"/>
</kw>
<kw name="Input Text" owner="SeleniumLibrary">
<msg time="2026-04-28T19:58:42.659946" level="INFO">Typing text 'Ana Luiza' into text field 'id:form-nome'.</msg>
<arg>${CAMPO_NOME}</arg>
<arg>${Nome}</arg>
<doc>Types the given ``text`` into the text field identified by ``locator``.</doc>
<status status="PASS" start="2026-04-28T19:58:42.659182" elapsed="0.212500"/>
</kw>
<kw name="Job" owner="FakerLibrary">
<msg time="2026-04-28T19:58:42.872883" level="INFO">${Cargo} = Engenheiro de aquicultura</msg>
<var>${Cargo}</var>
<status status="PASS" start="2026-04-28T19:58:42.872166" elapsed="0.000878"/>
</kw>
<kw name="Input Text" owner="SeleniumLibrary">
<msg time="2026-04-28T19:58:42.875425" level="INFO">Typing text 'Engenheiro de aquicultura' into text field 'id:form-cargo'.</msg>
<arg>${CAMPO_CARGO}</arg>
<arg>${Cargo}</arg>
<doc>Types the given ``text`` into the text field identified by ``locator``.</doc>
<status status="PASS" start="2026-04-28T19:58:42.874076" elapsed="0.280478"/>
</kw>
<kw name="Image Url" owner="FakerLibrary">
<msg time="2026-04-28T19:58:43.155851" level="INFO">${Imagem} = https://dummyimage.com/57x674</msg>
<var>${Imagem}</var>
<doc>Returns URL to placeholder image
Example: http://placehold.it/640x480</doc>
<status status="PASS" start="2026-04-28T19:58:43.155108" elapsed="0.000880"/>
</kw>
<kw name="Input Text" owner="SeleniumLibrary">
<msg time="2026-04-28T19:58:43.157451" level="INFO">Typing text 'https://dummyimage.com/57x674' into text field 'id:form-imagem'.</msg>
<arg>${CAMPO_IMAGEM}</arg>
<arg>${Imagem}</arg>
<doc>Types the given ``text`` into the text field identified by ``locator``.</doc>
<status status="PASS" start="2026-04-28T19:58:43.156672" elapsed="0.271199"/>
</kw>
<kw name="Click Element" owner="SeleniumLibrary">
<msg time="2026-04-28T19:58:43.429292" level="INFO">Clicking element 'class:lista-suspensa'.</msg>
<arg>${CAMPO_TIME}</arg>
<doc>Click the element identified by ``locator``.</doc>
<status status="PASS" start="2026-04-28T19:58:43.428438" elapsed="0.281943"/>
</kw>
<kw name="Click Element" owner="SeleniumLibrary">
<msg time="2026-04-28T19:58:43.711551" level="INFO">Clicking element '//option[contains(.,'Devops')]'.</msg>
<arg>${OPCAO_DEVOPS}</arg>
<doc>Click the element identified by ``locator``.</doc>
<status status="PASS" start="2026-04-28T19:58:43.710912" elapsed="0.065088"/>
</kw>
<status status="PASS" start="2026-04-28T19:58:42.614564" elapsed="1.161799"/>
</kw>
<kw name="E clique no botão criar card">
<kw name="Click Element" owner="SeleniumLibrary">
<msg time="2026-04-28T19:58:43.778681" level="INFO">Clicking element 'id:form-botao'.</msg>
<arg>${CAMPO_CARD}</arg>
<doc>Click the element identified by ``locator``.</doc>
<status status="PASS" start="2026-04-28T19:58:43.778114" elapsed="0.152961"/>
</kw>
<status status="PASS" start="2026-04-28T19:58:43.777099" elapsed="0.154181"/>
</kw>
<var name="${i}">1</var>
<status status="PASS" start="2026-04-28T19:58:42.613986" elapsed="1.317386"/>
</iter>
<iter>
<kw name="Dado que preencha os campos do formulário">
<kw name="Wait Until Element Is Visible" owner="SeleniumLibrary">
<arg>${CAMPO_NOME}</arg>
<arg>timeout=15s</arg>
<doc>Waits until the element ``locator`` is visible.</doc>
<status status="PASS" start="2026-04-28T19:58:43.932553" elapsed="0.027954"/>
</kw>
<kw name="First Name" owner="FakerLibrary">
<msg time="2026-04-28T19:58:43.961218" level="INFO">${Nome} = Bento</msg>
<var>${Nome}</var>
<status status="PASS" start="2026-04-28T19:58:43.960854" elapsed="0.000446"/>
</kw>
<kw name="Input Text" owner="SeleniumLibrary">
<msg time="2026-04-28T19:58:43.962573" level="INFO">Typing text 'Bento' into text field 'id:form-nome'.</msg>
<arg>${CAMPO_NOME}</arg>
<arg>${Nome}</arg>
<doc>Types the given ``text`` into the text field identified by ``locator``.</doc>
<status status="PASS" start="2026-04-28T19:58:43.961569" elapsed="0.204659"/>
</kw>
<kw name="Job" owner="FakerLibrary">
<msg time="2026-04-28T19:58:44.167430" level="INFO">${Cargo} = Capelão</msg>
<var>${Cargo}</var>
<status status="PASS" start="2026-04-28T19:58:44.166753" elapsed="0.000826"/>
</kw>
<kw name="Input Text" owner="SeleniumLibrary">
<msg time="2026-04-28T19:58:44.168807" level="INFO">Typing text 'Capelão' into text field 'id:form-cargo'.</msg>
<arg>${CAMPO_CARGO}</arg>
<arg>${Cargo}</arg>
<doc>Types the given ``text`` into the text field identified by ``locator``.</doc>
<status status="PASS" start="2026-04-28T19:58:44.168021" elapsed="0.185996"/>
</kw>
<kw name="Image Url" owner="FakerLibrary">
<msg time="2026-04-28T19:58:44.356664" level="INFO">${Imagem} = https://dummyimage.com/138x563</msg>
<var>${Imagem}</var>
<doc>Returns URL to placeholder image
Example: http://placehold.it/640x480</doc>
<status status="PASS" start="2026-04-28T19:58:44.355478" elapsed="0.001337"/>
</kw>
<kw name="Input Text" owner="SeleniumLibrary">
<msg time="2026-04-28T19:58:44.358300" level="INFO">Typing text 'https://dummyimage.com/138x563' into text field 'id:form-imagem'.</msg>
<arg>${CAMPO_IMAGEM}</arg>
<arg>${Imagem}</arg>
<doc>Types the given ``text`` into the text field identified by ``locator``.</doc>
<status status="PASS" start="2026-04-28T19:58:44.357303" elapsed="0.325725"/>
</kw>
<kw name="Click Element" owner="SeleniumLibrary">
<msg time="2026-04-28T19:58:44.684702" level="INFO">Clicking element 'class:lista-suspensa'.</msg>
<arg>${CAMPO_TIME}</arg>
<doc>Click the element identified by ``locator``.</doc>
<status status="PASS" start="2026-04-28T19:58:44.683696" elapsed="0.232892"/>
</kw>
<kw name="Click Element" owner="SeleniumLibrary">
<msg time="2026-04-28T19:58:44.917762" level="INFO">Clicking element '//option[contains(.,'Devops')]'.</msg>
<arg>${OPCAO_DEVOPS}</arg>
<doc>Click the element identified by ``locator``.</doc>
<status status="PASS" start="2026-04-28T19:58:44.917057" elapsed="0.056745"/>
</kw>
<status status="PASS" start="2026-04-28T19:58:43.932040" elapsed="1.042063"/>
</kw>
<kw name="E clique no botão criar card">
<kw name="Click Element" owner="SeleniumLibrary">
<msg time="2026-04-28T19:58:44.975330" level="INFO">Clicking element 'id:form-botao'.</msg>
<arg>${CAMPO_CARD}</arg>
<doc>Click the element identified by ``locator``.</doc>
<status status="PASS" start="2026-04-28T19:58:44.974930" elapsed="0.110617"/>
</kw>
<status status="PASS" start="2026-04-28T19:58:44.974406" elapsed="0.111345"/>
</kw>
<var name="${i}">2</var>
<status status="PASS" start="2026-04-28T19:58:43.931673" elapsed="1.154168"/>
</iter>
<var>${i}</var>
<value>1</value>
<value>3</value>
<status status="PASS" start="2026-04-28T19:58:42.613265" elapsed="2.472715"/>
</for>
<kw name="Sleep" owner="BuiltIn">
<msg time="2026-04-28T19:59:00.087838" level="INFO">Slept 15 seconds.</msg>
<arg>15s</arg>
<doc>Pauses the test executed for the given time.</doc>
<status status="PASS" start="2026-04-28T19:58:45.086270" elapsed="15.001771"/>
</kw>
<status status="PASS" start="2026-04-28T19:58:42.612516" elapsed="17.475711"/>
</kw>
<kw name="Fechar o navegador" owner="setup-teardown" type="TEARDOWN">
<kw name="Close Browser" owner="SeleniumLibrary">
<doc>Closes the current browser.</doc>
<status status="PASS" start="2026-04-28T19:59:00.090957" elapsed="3.086827"/>
</kw>
<status status="PASS" start="2026-04-28T19:59:00.089501" elapsed="3.088510"/>
</kw>
<status status="PASS" start="2026-04-28T19:58:02.099712" elapsed="61.078768"/>
</test>
<status status="PASS" start="2026-04-28T19:57:20.837740" elapsed="102.343258"/>
</suite>
<statistics>
<total>
<stat pass="2" fail="0" skip="0">All Tests</stat>
</total>
<tag>
</tag>
<suite>
<stat name="Dados-Correto" id="s1" pass="2" fail="0" skip="0">Dados-Correto</stat>
</suite>
</statistics>
<errors>
</errors>
</robot>
