<?xml version="1.0" encoding="UTF-8"?>
<robot generator="Robot 7.4.2 (Python 3.14.3 on win32)" generated="2026-04-29T18:25:48.350520" rpa="false" schemaversion="5">
<suite id="s1" name="Organo" source="D:\Organo">
<suite id="s1-s1" name="Testes" source="D:\Organo\testes">
<suite id="s1-s1-s1" name="Dados-Incorreto" source="D:\Organo\testes\dados-incorreto.robot">
<test id="s1-s1-s1-t1" name="Verificar se quando um campo não for preenchido corretamente o sistema exibe uma mensagem de campo obrigatório" line="10">
<kw name="Dado que eu acesse o Organo" owner="setup-teardown" type="SETUP">
<kw name="Open Browser" owner="SeleniumLibrary">
<msg time="2026-04-29T18:25:50.159341" level="INFO">Opening browser 'Chrome' to base url 'http://localhost:3000/'.</msg>
<arg>url=http://localhost:3000/</arg>
<arg>browser=Chrome</arg>
<doc>Opens a new browser instance to the optional ``url``.</doc>
<status status="PASS" start="2026-04-29T18:25:50.157982" elapsed="19.545598"/>
</kw>
<status status="PASS" start="2026-04-29T18:25:50.151754" elapsed="19.552568"/>
</kw>
<kw name="Dado que eu clique no botão criar card" owner="cadastro">
<kw name="Wait Until Element Is Visible" owner="SeleniumLibrary">
<arg>${CAMPO_CARD}</arg>
<arg>timeout=15s</arg>
<doc>Waits until the element ``locator`` is visible.</doc>
<status status="PASS" start="2026-04-29T18:26:09.713352" elapsed="0.140158"/>
</kw>
<kw name="Click Element" owner="SeleniumLibrary">
<msg time="2026-04-29T18:26:09.855919" level="INFO">Clicking element 'id:form-botao'.</msg>
<arg>${CAMPO_CARD}</arg>
<doc>Click the element identified by ``locator``.</doc>
<status status="PASS" start="2026-04-29T18:26:09.854594" elapsed="0.293670"/>
</kw>
<status status="PASS" start="2026-04-29T18:26:09.711511" elapsed="0.437578"/>
</kw>
<kw name="Então o sistema deve apresentar uma mensagem de campo obrigatório" owner="cadastro">
<kw name="Element Should Be Visible" owner="SeleniumLibrary">
<msg time="2026-04-29T18:26:10.320010" level="INFO">Element 'id:form-nome-erro' is displayed.</msg>
<arg>id:form-nome-erro</arg>
<doc>Verifies that the element identified by ``locator`` is visible.</doc>
<status status="PASS" start="2026-04-29T18:26:10.154607" elapsed="0.166359"/>
</kw>
<kw name="Element Should Be Visible" owner="SeleniumLibrary">
<msg time="2026-04-29T18:26:10.366738" level="INFO">Element 'id:form-cargo-erro' is displayed.</msg>
<arg>id:form-cargo-erro</arg>
<doc>Verifies that the element identified by ``locator`` is visible.</doc>
<status status="PASS" start="2026-04-29T18:26:10.321781" elapsed="0.045908"/>
</kw>
<kw name="Element Should Be Visible" owner="SeleniumLibrary">
<msg time="2026-04-29T18:26:10.410025" level="INFO">Element 'id:form-times-erro' is displayed.</msg>
<arg>id:form-times-erro</arg>
<doc>Verifies that the element identified by ``locator`` is visible.</doc>
<status status="PASS" start="2026-04-29T18:26:10.368354" elapsed="0.042133"/>
</kw>
<kw name="Sleep" owner="BuiltIn">
<msg time="2026-04-29T18:26:40.412772" level="INFO">Slept 30 seconds.</msg>
<arg>30s</arg>
<doc>Pauses the test executed for the given time.</doc>
<status status="PASS" start="2026-04-29T18:26:10.410918" elapsed="30.003122"/>
</kw>
<status status="PASS" start="2026-04-29T18:26:10.152755" elapsed="30.261771"/>
</kw>
<kw name="Fechar o navegador" owner="setup-teardown" type="TEARDOWN">
<kw name="Close Browser" owner="SeleniumLibrary">
<doc>Closes the current browser.</doc>
<status status="PASS" start="2026-04-29T18:26:40.418401" elapsed="3.390882"/>
</kw>
<status status="PASS" start="2026-04-29T18:26:40.416551" elapsed="3.393467"/>
</kw>
<status status="PASS" start="2026-04-29T18:25:50.113573" elapsed="53.697291"/>
</test>
<status status="PASS" start="2026-04-29T18:25:48.460603" elapsed="55.369945"/>
</suite>
<status status="PASS" start="2026-04-29T18:25:48.443122" elapsed="55.424667"/>
</suite>
<status status="PASS" start="2026-04-29T18:25:48.365241" elapsed="55.515587"/>
</suite>
<statistics>
<total>
<stat pass="1" fail="0" skip="0">All Tests</stat>
</total>
<tag>
</tag>
<suite>
<stat name="Organo" id="s1" pass="1" fail="0" skip="0">Organo</stat>
<stat name="Testes" id="s1-s1" pass="1" fail="0" skip="0">Organo.Testes</stat>
<stat name="Dados-Incorreto" id="s1-s1-s1" pass="1" fail="0" skip="0">Organo.Testes.Dados-Incorreto</stat>
</suite>
</statistics>
<errors>
</errors>
</robot>
